  lex.yy.cpp
C:\Program Files\Microsoft Visual Studio\2022\Community\VC\Tools\MSVC\14.41.34120\include\stdint.h(49,9): warning C4005: 'INT8_MIN': macro redefinition
  (compiling source file 'lex.yy.cpp')
      C:\Users\tikom\source\Cplus\RustCompiler\RustCompiler\lex.yy.c(58,9):
      see previous definition of 'INT8_MIN'
  
C:\Program Files\Microsoft Visual Studio\2022\Community\VC\Tools\MSVC\14.41.34120\include\stdint.h(50,9): warning C4005: 'INT16_MIN': macro redefinition
  (compiling source file 'lex.yy.cpp')
      C:\Users\tikom\source\Cplus\RustCompiler\RustCompiler\lex.yy.c(61,9):
      see previous definition of 'INT16_MIN'
  
C:\Program Files\Microsoft Visual Studio\2022\Community\VC\Tools\MSVC\14.41.34120\include\stdint.h(51,9): warning C4005: 'INT32_MIN': macro redefinition
  (compiling source file 'lex.yy.cpp')
      C:\Users\tikom\source\Cplus\RustCompiler\RustCompiler\lex.yy.c(64,9):
      see previous definition of 'INT32_MIN'
  
C:\Program Files\Microsoft Visual Studio\2022\Community\VC\Tools\MSVC\14.41.34120\include\stdint.h(53,9): warning C4005: 'INT8_MAX': macro redefinition
  (compiling source file 'lex.yy.cpp')
      C:\Users\tikom\source\Cplus\RustCompiler\RustCompiler\lex.yy.c(67,9):
      see previous definition of 'INT8_MAX'
  
C:\Program Files\Microsoft Visual Studio\2022\Community\VC\Tools\MSVC\14.41.34120\include\stdint.h(54,9): warning C4005: 'INT16_MAX': macro redefinition
  (compiling source file 'lex.yy.cpp')
      C:\Users\tikom\source\Cplus\RustCompiler\RustCompiler\lex.yy.c(70,9):
      see previous definition of 'INT16_MAX'
  
C:\Program Files\Microsoft Visual Studio\2022\Community\VC\Tools\MSVC\14.41.34120\include\stdint.h(55,9): warning C4005: 'INT32_MAX': macro redefinition
  (compiling source file 'lex.yy.cpp')
      C:\Users\tikom\source\Cplus\RustCompiler\RustCompiler\lex.yy.c(73,9):
      see previous definition of 'INT32_MAX'
  
C:\Program Files\Microsoft Visual Studio\2022\Community\VC\Tools\MSVC\14.41.34120\include\stdint.h(57,9): warning C4005: 'UINT8_MAX': macro redefinition
  (compiling source file 'lex.yy.cpp')
      C:\Users\tikom\source\Cplus\RustCompiler\RustCompiler\lex.yy.c(76,9):
      see previous definition of 'UINT8_MAX'
  
C:\Program Files\Microsoft Visual Studio\2022\Community\VC\Tools\MSVC\14.41.34120\include\stdint.h(58,9): warning C4005: 'UINT16_MAX': macro redefinition
  (compiling source file 'lex.yy.cpp')
      C:\Users\tikom\source\Cplus\RustCompiler\RustCompiler\lex.yy.c(79,9):
      see previous definition of 'UINT16_MAX'
  
C:\Program Files\Microsoft Visual Studio\2022\Community\VC\Tools\MSVC\14.41.34120\include\stdint.h(59,9): warning C4005: 'UINT32_MAX': macro redefinition
  (compiling source file 'lex.yy.cpp')
      C:\Users\tikom\source\Cplus\RustCompiler\RustCompiler\lex.yy.c(82,9):
      see previous definition of 'UINT32_MAX'
  
C:\Users\tikom\source\Cplus\RustCompiler\RustCompiler\<stdin>(182,58): warning C4267: '=': conversion from 'size_t' to 'int', possible loss of data
  (compiling source file 'lex.yy.cpp')
  
C:\Users\tikom\source\Cplus\RustCompiler\RustCompiler\<stdin>(186,14): warning C4267: 'initializing': conversion from 'size_t' to 'int', possible loss of data
  (compiling source file 'lex.yy.cpp')
  
C:\Users\tikom\source\Cplus\RustCompiler\RustCompiler\<stdin>(301,23): warning C4244: '=': conversion from 'long' to 'char', possible loss of data
  (compiling source file 'lex.yy.cpp')
  
  RustCompiler.vcxproj -> C:\Users\tikom\source\Cplus\RustCompiler\x64\Debug\RustCompiler.exe
